<?xml version="1.0" encoding="UTF-8"?>
<testng-results ignored="0" total="1" passed="1" failed="0" skipped="0">
  <reporter-output>
  </reporter-output>
  <suite started-at="2023-10-04T15:20:59 CEST" name="Suite" finished-at="2023-10-04T15:21:09 CEST" duration-ms="9238">
    <groups>
    </groups>
    <test started-at="2023-10-04T15:20:59 CEST" name="Test" finished-at="2023-10-04T15:21:09 CEST" duration-ms="9238">
      <class name="com.RealCarWala.Tests.VerifySearchingCars">
        <test-method is-config="true" signature="launchApp()[pri:0, instance:com.RealCarWala.Tests.VerifySearchingCars@2c07545f]" started-at="2023-10-04T15:20:59 CEST" name="launchApp" finished-at="2023-10-04T15:21:03 CEST" duration-ms="3668" status="PASS">
          <reporter-output>
          </reporter-output>
        </test-method> <!-- launchApp -->
        <test-method is-config="true" signature="testSetUp()[pri:0, instance:com.RealCarWala.Tests.VerifySearchingCars@2c07545f]" started-at="2023-10-04T15:21:03 CEST" name="testSetUp" finished-at="2023-10-04T15:21:03 CEST" duration-ms="12" status="PASS">
          <reporter-output>
          </reporter-output>
        </test-method> <!-- testSetUp -->
        <test-method signature="searchUsedCars()[pri:0, instance:com.RealCarWala.Tests.VerifySearchingCars@2c07545f]" started-at="2023-10-04T15:21:03 CEST" name="searchUsedCars" finished-at="2023-10-04T15:21:08 CEST" duration-ms="5419" status="PASS">
          <reporter-output>
          </reporter-output>
        </test-method> <!-- searchUsedCars -->
        <test-method is-config="true" signature="tearDown()[pri:0, instance:com.RealCarWala.Tests.VerifySearchingCars@2c07545f]" started-at="2023-10-04T15:21:08 CEST" name="tearDown" finished-at="2023-10-04T15:21:09 CEST" duration-ms="120" status="PASS">
          <reporter-output>
          </reporter-output>
        </test-method> <!-- tearDown -->
      </class> <!-- com.RealCarWala.Tests.VerifySearchingCars -->
    </test> <!-- Test -->
  </suite> <!-- Suite -->
</testng-results>
